生成启动时间为 2023-07-17 14:55:13。
     1>项目“G:\iunin\MFCApplication1\MFCApplication1\MFCApplication1.vcxproj”在节点 2 上(Build 个目标)。
     1>ClCompile:
         D:\App\VS2013\VC\bin\CL.exe /c /ZI /nologo /W3 /WX- /sdl /Od /Oy- /D WIN32 /D _WINDOWS /D _DEBUG /D _UNICODE /D UNICODE /D _AFXDLL /Gm /EHsc /RTC1 /MDd /GS /fp:precise /Zc:wchar_t /Zc:forScope /Yu"stdafx.h" /Fp"Debug\MFCApplication1.pch" /Fo"Debug\\" /Fd"Debug\vc120.pdb" /Gd /TP /analyze- /errorReport:prompt socket.cpp utils.cpp
         utils.cpp
         socket.cpp
     1>g:\iunin\mfcapplication1\mfcapplication1\socket.cpp(215): warning C4018: “<”: 有符号/无符号不匹配
         正在生成代码...
       ResourceCompile:
         C:\Program Files (x86)\Windows Kits\8.1\bin\x86\rc.exe /D _DEBUG /D _UNICODE /D UNICODE /D _AFXDLL /l"0x0804" /IDebug\ /nologo /fo"Debug\MFCApplication1.res" MFCApplication1.rc 
       Link:
         D:\App\VS2013\VC\bin\link.exe /ERRORREPORT:PROMPT /OUT:"G:\iunin\MFCApplication1\Debug\MFCApplication1.exe" /INCREMENTAL /NOLOGO /MANIFEST /MANIFESTUAC:"level='asInvoker' uiAccess='false'" /manifest:embed /manifestinput:D:\App\VS2013\VC\Include\Manifest\dpiaware.manifest /DEBUG /PDB:"G:\iunin\MFCApplication1\Debug\MFCApplication1.pdb" /SUBSYSTEM:WINDOWS /TLBID:1 /ENTRY:"wWinMainCRTStartup" /DYNAMICBASE /NXCOMPAT /IMPLIB:"G:\iunin\MFCApplication1\Debug\MFCApplication1.lib" /MACHINE:X86 Debug\MFCApplication1.res
         Debug\EditEx.obj
         Debug\MFCApplication1.obj
         Debug\MFCApplication1Dlg.obj
         Debug\socket.obj
         Debug\stdafx.obj
         Debug\utils.obj
         MFCApplication1.vcxproj -> G:\iunin\MFCApplication1\Debug\MFCApplication1.exe
     1>已完成生成项目“G:\iunin\MFCApplication1\MFCApplication1\MFCApplication1.vcxproj”(Build 个目标)的操作。

生成成功。

已用时间 00:00:01.94
